app/build/intermediates/manifest_merge_blame_file/debug/processDebugMainManifest/manifest-merger-blame-debug-report.txt
1<?xml version="1.0" encoding="utf-8"?>
2<manifest xmlns:android="http://schemas.android.com/apk/res/android"
3    package="com.elian.iwanttobelieve"
4    android:versionCode="1"
5    android:versionName="1.0" >
6
7    <uses-sdk
8        android:minSdkVersion="26"
9        android:targetSdkVersion="36" />
10
11    <uses-permission android:name="android.permission.INTERNET" />
11-->[com.google.firebase:firebase-auth:24.0.1] AndroidManifest.xml:25:5-67
11-->[com.google.firebase:firebase-auth:24.0.1] AndroidManifest.xml:25:22-64
12    <uses-permission android:name="android.permission.ACCESS_NETWORK_STATE" />
12-->[com.google.firebase:firebase-auth:24.0.1] AndroidManifest.xml:26:5-79
12-->[com.google.firebase:firebase-auth:24.0.1] AndroidManifest.xml:26:22-76
13    <uses-permission android:name="android.permission.WAKE_LOCK" />
13-->[com.google.android.gms:play-services-measurement:23.0.0] AndroidManifest.xml:25:5-68
13-->[com.google.android.gms:play-services-measurement:23.0.0] AndroidManifest.xml:25:22-65
14    <uses-permission android:name="com.google.android.finsky.permission.BIND_GET_INSTALL_REFERRER_SERVICE" />
14-->[com.google.android.gms:play-services-measurement:23.0.0] AndroidManifest.xml:26:5-110
14-->[com.google.android.gms:play-services-measurement:23.0.0] AndroidManifest.xml:26:22-107
15    <uses-permission android:name="com.google.android.gms.permission.AD_ID" />
15-->[com.google.android.gms:play-services-measurement-api:23.0.0] AndroidManifest.xml:25:5-79
15-->[com.google.android.gms:play-services-measurement-api:23.0.0] AndroidManifest.xml:25:22-76
16    <uses-permission android:name="android.permission.ACCESS_ADSERVICES_ATTRIBUTION" />
16-->[com.google.android.gms:play-services-measurement-api:23.0.0] AndroidManifest.xml:26:5-88
16-->[com.google.android.gms:play-services-measurement-api:23.0.0] AndroidManifest.xml:26:22-85
17    <uses-permission android:name="android.permission.ACCESS_ADSERVICES_AD_ID" />
17-->[com.google.android.gms:play-services-measurement-api:23.0.0] AndroidManifest.xml:27:5-82
17-->[com.google.android.gms:play-services-measurement-api:23.0.0] AndroidManifest.xml:27:22-79
18    <uses-permission android:name="com.google.android.providers.gsf.permission.READ_GSERVICES" />
18-->[com.google.android.recaptcha:recaptcha:18.6.1] AndroidManifest.xml:9:5-98
18-->[com.google.android.recaptcha:recaptcha:18.6.1] AndroidManifest.xml:9:22-95
19
20    <permission
20-->[androidx.core:core:1.17.0] AndroidManifest.xml:22:5-24:47
21        android:name="com.elian.iwanttobelieve.DYNAMIC_RECEIVER_NOT_EXPORTED_PERMISSION"
21-->[androidx.core:core:1.17.0] AndroidManifest.xml:23:9-81
22        android:protectionLevel="signature" />
22-->[androidx.core:core:1.17.0] AndroidManifest.xml:24:9-44
23
24    <uses-permission android:name="com.elian.iwanttobelieve.DYNAMIC_RECEIVER_NOT_EXPORTED_PERMISSION" />
24-->[androidx.core:core:1.17.0] AndroidManifest.xml:26:5-97
24-->[androidx.core:core:1.17.0] AndroidManifest.xml:26:22-94
25
26    <application
26-->src\main\AndroidManifest.xml:5:5-26:19
27        android:name="com.elian.iwanttobelieve.IWantToBelieveApp"
27-->src\main\AndroidManifest.xml:6:9-42
28        android:allowBackup="true"
28-->src\main\AndroidManifest.xml:7:9-35
29        android:appComponentFactory="androidx.core.app.CoreComponentFactory"
29-->[androidx.core:core:1.17.0] AndroidManifest.xml:28:18-86
30        android:dataExtractionRules="@xml/data_extraction_rules"
30-->src\main\AndroidManifest.xml:8:9-65
31        android:debuggable="true"
32        android:extractNativeLibs="false"
33        android:fullBackupContent="@xml/backup_rules"
33-->src\main\AndroidManifest.xml:9:9-54
34        android:icon="@mipmap/ic_launcher"
34-->src\main\AndroidManifest.xml:10:9-43
35        android:label="@string/app_name"
35-->src\main\AndroidManifest.xml:11:9-41
36        android:roundIcon="@mipmap/ic_launcher_round"
36-->src\main\AndroidManifest.xml:12:9-54
37        android:supportsRtl="true"
37-->src\main\AndroidManifest.xml:13:9-35
38        android:testOnly="true"
39        android:theme="@style/Theme.IWantToBelieve" >
39-->src\main\AndroidManifest.xml:14:9-52
40        <activity
40-->src\main\AndroidManifest.xml:15:9-25:20
41            android:name="com.elian.iwanttobelieve.MainActivity"
41-->src\main\AndroidManifest.xml:16:13-41
42            android:exported="true"
42-->src\main\AndroidManifest.xml:17:13-36
43            android:label="@string/app_name"
43-->src\main\AndroidManifest.xml:18:13-45
44            android:theme="@style/Theme.IWantToBelieve" >
44-->src\main\AndroidManifest.xml:19:13-56
45            <intent-filter>
45-->src\main\AndroidManifest.xml:20:13-24:29
46                <action android:name="android.intent.action.MAIN" />
46-->src\main\AndroidManifest.xml:21:17-69
46-->src\main\AndroidManifest.xml:21:25-66
47
48                <category android:name="android.intent.category.LAUNCHER" />
48-->src\main\AndroidManifest.xml:23:17-77
48-->src\main\AndroidManifest.xml:23:27-74
49            </intent-filter>
50        </activity>
51        <activity
51-->[androidx.compose.ui:ui-tooling-android:1.9.0] AndroidManifest.xml:23:9-25:39
52            android:name="androidx.compose.ui.tooling.PreviewActivity"
52-->[androidx.compose.ui:ui-tooling-android:1.9.0] AndroidManifest.xml:24:13-71
53            android:exported="true" />
53-->[androidx.compose.ui:ui-tooling-android:1.9.0] AndroidManifest.xml:25:13-36
54        <activity
54-->[com.google.firebase:firebase-auth:24.0.1] AndroidManifest.xml:29:9-46:20
55            android:name="com.google.firebase.auth.internal.GenericIdpActivity"
55-->[com.google.firebase:firebase-auth:24.0.1] AndroidManifest.xml:30:13-80
56            android:excludeFromRecents="true"
56-->[com.google.firebase:firebase-auth:24.0.1] AndroidManifest.xml:31:13-46
57            android:exported="true"
57-->[com.google.firebase:firebase-auth:24.0.1] AndroidManifest.xml:32:13-36
58            android:launchMode="singleTask"
58-->[com.google.firebase:firebase-auth:24.0.1] AndroidManifest.xml:33:13-44
59            android:theme="@android:style/Theme.Translucent.NoTitleBar" >
59-->[com.google.firebase:firebase-auth:24.0.1] AndroidManifest.xml:34:13-72
60            <intent-filter>
60-->[com.google.firebase:firebase-auth:24.0.1] AndroidManifest.xml:35:13-45:29
61                <action android:name="android.intent.action.VIEW" />
61-->[com.google.firebase:firebase-auth:24.0.1] AndroidManifest.xml:36:17-69
61-->[com.google.firebase:firebase-auth:24.0.1] AndroidManifest.xml:36:25-66
62
63                <category android:name="android.intent.category.DEFAULT" />
63-->[com.google.firebase:firebase-auth:24.0.1] AndroidManifest.xml:38:17-76
63-->[com.google.firebase:firebase-auth:24.0.1] AndroidManifest.xml:38:27-73
64                <category android:name="android.intent.category.BROWSABLE" />
64-->[com.google.firebase:firebase-auth:24.0.1] AndroidManifest.xml:39:17-78
64-->[com.google.firebase:firebase-auth:24.0.1] AndroidManifest.xml:39:27-75
65
66                <data
66-->[com.google.firebase:firebase-auth:24.0.1] AndroidManifest.xml:41:17-44:51
67                    android:host="firebase.auth"
67-->[com.google.firebase:firebase-auth:24.0.1] AndroidManifest.xml:42:21-49
68                    android:path="/"
68-->[com.google.firebase:firebase-auth:24.0.1] AndroidManifest.xml:43:21-37
69                    android:scheme="genericidp" />
69-->[com.google.firebase:firebase-auth:24.0.1] AndroidManifest.xml:44:21-48
70            </intent-filter>
71        </activity>
72        <activity
72-->[com.google.firebase:firebase-auth:24.0.1] AndroidManifest.xml:47:9-64:20
73            android:name="com.google.firebase.auth.internal.RecaptchaActivity"
73-->[com.google.firebase:firebase-auth:24.0.1] AndroidManifest.xml:48:13-79
74            android:excludeFromRecents="true"
74-->[com.google.firebase:firebase-auth:24.0.1] AndroidManifest.xml:49:13-46
75            android:exported="true"
75-->[com.google.firebase:firebase-auth:24.0.1] AndroidManifest.xml:50:13-36
76            android:launchMode="singleTask"
76-->[com.google.firebase:firebase-auth:24.0.1] AndroidManifest.xml:51:13-44
77            android:theme="@android:style/Theme.Translucent.NoTitleBar" >
77-->[com.google.firebase:firebase-auth:24.0.1] AndroidManifest.xml:52:13-72
78            <intent-filter>
78-->[com.google.firebase:firebase-auth:24.0.1] AndroidManifest.xml:53:13-63:29
79                <action android:name="android.intent.action.VIEW" />
79-->[com.google.firebase:firebase-auth:24.0.1] AndroidManifest.xml:36:17-69
79-->[com.google.firebase:firebase-auth:24.0.1] AndroidManifest.xml:36:25-66
80
81                <category android:name="android.intent.category.DEFAULT" />
81-->[com.google.firebase:firebase-auth:24.0.1] AndroidManifest.xml:38:17-76
81-->[com.google.firebase:firebase-auth:24.0.1] AndroidManifest.xml:38:27-73
82                <category android:name="android.intent.category.BROWSABLE" />
82-->[com.google.firebase:firebase-auth:24.0.1] AndroidManifest.xml:39:17-78
82-->[com.google.firebase:firebase-auth:24.0.1] AndroidManifest.xml:39:27-75
83
84                <data
84-->[com.google.firebase:firebase-auth:24.0.1] AndroidManifest.xml:41:17-44:51
85                    android:host="firebase.auth"
85-->[com.google.firebase:firebase-auth:24.0.1] AndroidManifest.xml:42:21-49
86                    android:path="/"
86-->[com.google.firebase:firebase-auth:24.0.1] AndroidManifest.xml:43:21-37
87                    android:scheme="recaptcha" />
87-->[com.google.firebase:firebase-auth:24.0.1] AndroidManifest.xml:44:21-48
88            </intent-filter>
89        </activity>
90
91        <service
91-->[com.google.firebase:firebase-auth:24.0.1] AndroidManifest.xml:66:9-72:19
92            android:name="com.google.firebase.components.ComponentDiscoveryService"
92-->[com.google.firebase:firebase-auth:24.0.1] AndroidManifest.xml:67:13-84
93            android:directBootAware="true"
93-->[com.google.firebase:firebase-common:22.0.0] AndroidManifest.xml:32:13-43
94            android:exported="false" >
94-->[com.google.firebase:firebase-auth:24.0.1] AndroidManifest.xml:68:13-37
95            <meta-data
95-->[com.google.firebase:firebase-auth:24.0.1] AndroidManifest.xml:69:13-71:85
96                android:name="com.google.firebase.components:com.google.firebase.auth.FirebaseAuthRegistrar"
96-->[com.google.firebase:firebase-auth:24.0.1] AndroidManifest.xml:70:17-109
97                android:value="com.google.firebase.components.ComponentRegistrar" />
97-->[com.google.firebase:firebase-auth:24.0.1] AndroidManifest.xml:71:17-82
98            <meta-data
98-->[com.google.firebase:firebase-firestore:26.0.0] AndroidManifest.xml:17:13-19:85
99                android:name="com.google.firebase.components:com.google.firebase.firestore.FirebaseFirestoreKtxRegistrar"
99-->[com.google.firebase:firebase-firestore:26.0.0] AndroidManifest.xml:18:17-122
100                android:value="com.google.firebase.components.ComponentRegistrar" />
100-->[com.google.firebase:firebase-firestore:26.0.0] AndroidManifest.xml:19:17-82
101            <meta-data
101-->[com.google.firebase:firebase-firestore:26.0.0] AndroidManifest.xml:20:13-22:85
102                android:name="com.google.firebase.components:com.google.firebase.firestore.FirestoreRegistrar"
102-->[com.google.firebase:firebase-firestore:26.0.0] AndroidManifest.xml:21:17-111
103                android:value="com.google.firebase.components.ComponentRegistrar" />
103-->[com.google.firebase:firebase-firestore:26.0.0] AndroidManifest.xml:22:17-82
104            <meta-data
104-->[com.google.android.gms:play-services-measurement-api:23.0.0] AndroidManifest.xml:33:13-35:85
105                android:name="com.google.firebase.components:com.google.firebase.analytics.connector.internal.AnalyticsConnectorRegistrar"
105-->[com.google.android.gms:play-services-measurement-api:23.0.0] AndroidManifest.xml:34:17-139
106                android:value="com.google.firebase.components.ComponentRegistrar" />
106-->[com.google.android.gms:play-services-measurement-api:23.0.0] AndroidManifest.xml:35:17-82
107            <meta-data
107-->[com.google.firebase:firebase-storage:22.0.0] AndroidManifest.xml:30:13-32:85
108                android:name="com.google.firebase.components:com.google.firebase.storage.FirebaseStorageKtxRegistrar"
108-->[com.google.firebase:firebase-storage:22.0.0] AndroidManifest.xml:31:17-118
109                android:value="com.google.firebase.components.ComponentRegistrar" />
109-->[com.google.firebase:firebase-storage:22.0.0] AndroidManifest.xml:32:17-82
110            <meta-data
110-->[com.google.firebase:firebase-storage:22.0.0] AndroidManifest.xml:33:13-35:85
111                android:name="com.google.firebase.components:com.google.firebase.storage.StorageRegistrar"
111-->[com.google.firebase:firebase-storage:22.0.0] AndroidManifest.xml:34:17-107
112                android:value="com.google.firebase.components.ComponentRegistrar" />
112-->[com.google.firebase:firebase-storage:22.0.0] AndroidManifest.xml:35:17-82
113            <meta-data
113-->[com.google.firebase:firebase-installations:19.0.0] AndroidManifest.xml:15:13-17:85
114                android:name="com.google.firebase.components:com.google.firebase.installations.FirebaseInstallationsKtxRegistrar"
114-->[com.google.firebase:firebase-installations:19.0.0] AndroidManifest.xml:16:17-130
115                android:value="com.google.firebase.components.ComponentRegistrar" />
115-->[com.google.firebase:firebase-installations:19.0.0] AndroidManifest.xml:17:17-82
116            <meta-data
116-->[com.google.firebase:firebase-installations:19.0.0] AndroidManifest.xml:18:13-20:85
117                android:name="com.google.firebase.components:com.google.firebase.installations.FirebaseInstallationsRegistrar"
117-->[com.google.firebase:firebase-installations:19.0.0] AndroidManifest.xml:19:17-127
118                android:value="com.google.firebase.components.ComponentRegistrar" />
118-->[com.google.firebase:firebase-installations:19.0.0] AndroidManifest.xml:20:17-82
119            <meta-data
119-->[com.google.firebase:firebase-common:22.0.0] AndroidManifest.xml:35:13-37:85
120                android:name="com.google.firebase.components:com.google.firebase.FirebaseCommonKtxRegistrar"
120-->[com.google.firebase:firebase-common:22.0.0] AndroidManifest.xml:36:17-109
121                android:value="com.google.firebase.components.ComponentRegistrar" />
121-->[com.google.firebase:firebase-common:22.0.0] AndroidManifest.xml:37:17-82
122            <meta-data
122-->[com.google.firebase:firebase-appcheck:19.0.0] AndroidManifest.xml:25:13-27:85
123                android:name="com.google.firebase.components:com.google.firebase.appcheck.FirebaseAppCheckKtxRegistrar"
123-->[com.google.firebase:firebase-appcheck:19.0.0] AndroidManifest.xml:26:17-120
124                android:value="com.google.firebase.components.ComponentRegistrar" />
124-->[com.google.firebase:firebase-appcheck:19.0.0] AndroidManifest.xml:27:17-82
125            <meta-data
125-->[com.google.firebase:firebase-appcheck:19.0.0] AndroidManifest.xml:28:13-30:85
126                android:name="com.google.firebase.components:com.google.firebase.appcheck.FirebaseAppCheckRegistrar"
126-->[com.google.firebase:firebase-appcheck:19.0.0] AndroidManifest.xml:29:17-117
127                android:value="com.google.firebase.components.ComponentRegistrar" />
127-->[com.google.firebase:firebase-appcheck:19.0.0] AndroidManifest.xml:30:17-82
128        </service>
129
130        <receiver
130-->[com.google.android.gms:play-services-measurement:23.0.0] AndroidManifest.xml:29:9-33:20
131            android:name="com.google.android.gms.measurement.AppMeasurementReceiver"
131-->[com.google.android.gms:play-services-measurement:23.0.0] AndroidManifest.xml:30:13-85
132            android:enabled="true"
132-->[com.google.android.gms:play-services-measurement:23.0.0] AndroidManifest.xml:31:13-35
133            android:exported="false" >
133-->[com.google.android.gms:play-services-measurement:23.0.0] AndroidManifest.xml:32:13-37
134        </receiver>
135
136        <service
136-->[com.google.android.gms:play-services-measurement:23.0.0] AndroidManifest.xml:35:9-38:40
137            android:name="com.google.android.gms.measurement.AppMeasurementService"
137-->[com.google.android.gms:play-services-measurement:23.0.0] AndroidManifest.xml:36:13-84
138            android:enabled="true"
138-->[com.google.android.gms:play-services-measurement:23.0.0] AndroidManifest.xml:37:13-35
139            android:exported="false" />
139-->[com.google.android.gms:play-services-measurement:23.0.0] AndroidManifest.xml:38:13-37
140        <service
140-->[com.google.android.gms:play-services-measurement:23.0.0] AndroidManifest.xml:39:9-43:72
141            android:name="com.google.android.gms.measurement.AppMeasurementJobService"
141-->[com.google.android.gms:play-services-measurement:23.0.0] AndroidManifest.xml:40:13-87
142            android:enabled="true"
142-->[com.google.android.gms:play-services-measurement:23.0.0] AndroidManifest.xml:41:13-35
143            android:exported="false"
143-->[com.google.android.gms:play-services-measurement:23.0.0] AndroidManifest.xml:42:13-37
144            android:permission="android.permission.BIND_JOB_SERVICE" />
144-->[com.google.android.gms:play-services-measurement:23.0.0] AndroidManifest.xml:43:13-69
145        <service
145-->[androidx.credentials:credentials-play-services-auth:1.2.0-rc01] AndroidManifest.xml:24:9-32:19
146            android:name="androidx.credentials.playservices.CredentialProviderMetadataHolder"
146-->[androidx.credentials:credentials-play-services-auth:1.2.0-rc01] AndroidManifest.xml:25:13-94
147            android:enabled="true"
147-->[androidx.credentials:credentials-play-services-auth:1.2.0-rc01] AndroidManifest.xml:26:13-35
148            android:exported="false" >
148-->[androidx.credentials:credentials-play-services-auth:1.2.0-rc01] AndroidManifest.xml:27:13-37
149            <meta-data
149-->[androidx.credentials:credentials-play-services-auth:1.2.0-rc01] AndroidManifest.xml:29:13-31:104
150                android:name="androidx.credentials.CREDENTIAL_PROVIDER_KEY"
150-->[androidx.credentials:credentials-play-services-auth:1.2.0-rc01] AndroidManifest.xml:30:17-76
151                android:value="androidx.credentials.playservices.CredentialProviderPlayServicesImpl" />
151-->[androidx.credentials:credentials-play-services-auth:1.2.0-rc01] AndroidManifest.xml:31:17-101
152        </service>
153
154        <activity
154-->[androidx.credentials:credentials-play-services-auth:1.2.0-rc01] AndroidManifest.xml:34:9-41:20
155            android:name="androidx.credentials.playservices.HiddenActivity"
155-->[androidx.credentials:credentials-play-services-auth:1.2.0-rc01] AndroidManifest.xml:35:13-76
156            android:configChanges="orientation|screenSize|screenLayout|keyboardHidden"
156-->[androidx.credentials:credentials-play-services-auth:1.2.0-rc01] AndroidManifest.xml:36:13-87
157            android:enabled="true"
157-->[androidx.credentials:credentials-play-services-auth:1.2.0-rc01] AndroidManifest.xml:37:13-35
158            android:exported="false"
158-->[androidx.credentials:credentials-play-services-auth:1.2.0-rc01] AndroidManifest.xml:38:13-37
159            android:fitsSystemWindows="true"
159-->[androidx.credentials:credentials-play-services-auth:1.2.0-rc01] AndroidManifest.xml:39:13-45
160            android:theme="@style/Theme.Hidden" >
160-->[androidx.credentials:credentials-play-services-auth:1.2.0-rc01] AndroidManifest.xml:40:13-48
161        </activity>
162        <activity
162-->[com.google.android.gms:play-services-auth:20.7.0] AndroidManifest.xml:23:9-27:75
163            android:name="com.google.android.gms.auth.api.signin.internal.SignInHubActivity"
163-->[com.google.android.gms:play-services-auth:20.7.0] AndroidManifest.xml:24:13-93
164            android:excludeFromRecents="true"
164-->[com.google.android.gms:play-services-auth:20.7.0] AndroidManifest.xml:25:13-46
165            android:exported="false"
165-->[com.google.android.gms:play-services-auth:20.7.0] AndroidManifest.xml:26:13-37
166            android:theme="@android:style/Theme.Translucent.NoTitleBar" />
166-->[com.google.android.gms:play-services-auth:20.7.0] AndroidManifest.xml:27:13-72
167        <!--
168            Service handling Google Sign-In user revocation. For apps that do not integrate with
169            Google Sign-In, this service will never be started.
170        -->
171        <service
171-->[com.google.android.gms:play-services-auth:20.7.0] AndroidManifest.xml:33:9-37:51
172            android:name="com.google.android.gms.auth.api.signin.RevocationBoundService"
172-->[com.google.android.gms:play-services-auth:20.7.0] AndroidManifest.xml:34:13-89
173            android:exported="true"
173-->[com.google.android.gms:play-services-auth:20.7.0] AndroidManifest.xml:35:13-36
174            android:permission="com.google.android.gms.auth.api.signin.permission.REVOCATION_NOTIFICATION"
174-->[com.google.android.gms:play-services-auth:20.7.0] AndroidManifest.xml:36:13-107
175            android:visibleToInstantApps="true" />
175-->[com.google.android.gms:play-services-auth:20.7.0] AndroidManifest.xml:37:13-48
176
177        <provider
177-->[com.google.firebase:firebase-common:22.0.0] AndroidManifest.xml:23:9-28:39
178            android:name="com.google.firebase.provider.FirebaseInitProvider"
178-->[com.google.firebase:firebase-common:22.0.0] AndroidManifest.xml:24:13-77
179            android:authorities="com.elian.iwanttobelieve.firebaseinitprovider"
179-->[com.google.firebase:firebase-common:22.0.0] AndroidManifest.xml:25:13-72
180            android:directBootAware="true"
180-->[com.google.firebase:firebase-common:22.0.0] AndroidManifest.xml:26:13-43
181            android:exported="false"
181-->[com.google.firebase:firebase-common:22.0.0] AndroidManifest.xml:27:13-37
182            android:initOrder="100" />
182-->[com.google.firebase:firebase-common:22.0.0] AndroidManifest.xml:28:13-36
183        <provider
183-->[androidx.emoji2:emoji2:1.4.0] AndroidManifest.xml:24:9-32:20
184            android:name="androidx.startup.InitializationProvider"
184-->[androidx.emoji2:emoji2:1.4.0] AndroidManifest.xml:25:13-67
185            android:authorities="com.elian.iwanttobelieve.androidx-startup"
185-->[androidx.emoji2:emoji2:1.4.0] AndroidManifest.xml:26:13-68
186            android:exported="false" >
186-->[androidx.emoji2:emoji2:1.4.0] AndroidManifest.xml:27:13-37
187            <meta-data
187-->[androidx.emoji2:emoji2:1.4.0] AndroidManifest.xml:29:13-31:52
188                android:name="androidx.emoji2.text.EmojiCompatInitializer"
188-->[androidx.emoji2:emoji2:1.4.0] AndroidManifest.xml:30:17-75
189                android:value="androidx.startup" />
189-->[androidx.emoji2:emoji2:1.4.0] AndroidManifest.xml:31:17-49
190            <meta-data
190-->[androidx.lifecycle:lifecycle-process:2.9.2] AndroidManifest.xml:29:13-31:52
191                android:name="androidx.lifecycle.ProcessLifecycleInitializer"
191-->[androidx.lifecycle:lifecycle-process:2.9.2] AndroidManifest.xml:30:17-78
192                android:value="androidx.startup" />
192-->[androidx.lifecycle:lifecycle-process:2.9.2] AndroidManifest.xml:31:17-49
193            <meta-data
193-->[androidx.profileinstaller:profileinstaller:1.4.0] AndroidManifest.xml:29:13-31:52
194                android:name="androidx.profileinstaller.ProfileInstallerInitializer"
194-->[androidx.profileinstaller:profileinstaller:1.4.0] AndroidManifest.xml:30:17-85
195                android:value="androidx.startup" />
195-->[androidx.profileinstaller:profileinstaller:1.4.0] AndroidManifest.xml:31:17-49
196        </provider>
197
198        <activity
198-->[com.google.android.gms:play-services-base:18.5.0] AndroidManifest.xml:5:9-173
199            android:name="com.google.android.gms.common.api.GoogleApiActivity"
199-->[com.google.android.gms:play-services-base:18.5.0] AndroidManifest.xml:5:19-85
200            android:exported="false"
200-->[com.google.android.gms:play-services-base:18.5.0] AndroidManifest.xml:5:146-170
201            android:theme="@android:style/Theme.Translucent.NoTitleBar" />
201-->[com.google.android.gms:play-services-base:18.5.0] AndroidManifest.xml:5:86-145
202
203        <uses-library
203-->[androidx.privacysandbox.ads:ads-adservices:1.1.0-beta11] AndroidManifest.xml:23:9-25:40
204            android:name="android.ext.adservices"
204-->[androidx.privacysandbox.ads:ads-adservices:1.1.0-beta11] AndroidManifest.xml:24:13-50
205            android:required="false" />
205-->[androidx.privacysandbox.ads:ads-adservices:1.1.0-beta11] AndroidManifest.xml:25:13-37
206
207        <meta-data
207-->[com.google.android.gms:play-services-basement:18.5.0] AndroidManifest.xml:21:9-23:69
208            android:name="com.google.android.gms.version"
208-->[com.google.android.gms:play-services-basement:18.5.0] AndroidManifest.xml:22:13-58
209            android:value="@integer/google_play_services_version" />
209-->[com.google.android.gms:play-services-basement:18.5.0] AndroidManifest.xml:23:13-66
210
211        <activity
211-->[androidx.compose.ui:ui-test-manifest:1.9.0] AndroidManifest.xml:23:9-26:79
212            android:name="androidx.activity.ComponentActivity"
212-->[androidx.compose.ui:ui-test-manifest:1.9.0] AndroidManifest.xml:24:13-63
213            android:exported="true"
213-->[androidx.compose.ui:ui-test-manifest:1.9.0] AndroidManifest.xml:25:13-36
214            android:theme="@android:style/Theme.Material.Light.NoActionBar" />
214-->[androidx.compose.ui:ui-test-manifest:1.9.0] AndroidManifest.xml:26:13-76
215
216        <receiver
216-->[androidx.profileinstaller:profileinstaller:1.4.0] AndroidManifest.xml:34:9-52:20
217            android:name="androidx.profileinstaller.ProfileInstallReceiver"
217-->[androidx.profileinstaller:profileinstaller:1.4.0] AndroidManifest.xml:35:13-76
218            android:directBootAware="false"
218-->[androidx.profileinstaller:profileinstaller:1.4.0] AndroidManifest.xml:36:13-44
219            android:enabled="true"
219-->[androidx.profileinstaller:profileinstaller:1.4.0] AndroidManifest.xml:37:13-35
220            android:exported="true"
220-->[androidx.profileinstaller:profileinstaller:1.4.0] AndroidManifest.xml:38:13-36
221            android:permission="android.permission.DUMP" >
221-->[androidx.profileinstaller:profileinstaller:1.4.0] AndroidManifest.xml:39:13-57
222            <intent-filter>
222-->[androidx.profileinstaller:profileinstaller:1.4.0] AndroidManifest.xml:40:13-42:29
223                <action android:name="androidx.profileinstaller.action.INSTALL_PROFILE" />
223-->[androidx.profileinstaller:profileinstaller:1.4.0] AndroidManifest.xml:41:17-91
223-->[androidx.profileinstaller:profileinstaller:1.4.0] AndroidManifest.xml:41:25-88
224            </intent-filter>
225            <intent-filter>
225-->[androidx.profileinstaller:profileinstaller:1.4.0] AndroidManifest.xml:43:13-45:29
226                <action android:name="androidx.profileinstaller.action.SKIP_FILE" />
226-->[androidx.profileinstaller:profileinstaller:1.4.0] AndroidManifest.xml:44:17-85
226-->[androidx.profileinstaller:profileinstaller:1.4.0] AndroidManifest.xml:44:25-82
227            </intent-filter>
228            <intent-filter>
228-->[androidx.profileinstaller:profileinstaller:1.4.0] AndroidManifest.xml:46:13-48:29
229                <action android:name="androidx.profileinstaller.action.SAVE_PROFILE" />
229-->[androidx.profileinstaller:profileinstaller:1.4.0] AndroidManifest.xml:47:17-88
229-->[androidx.profileinstaller:profileinstaller:1.4.0] AndroidManifest.xml:47:25-85
230            </intent-filter>
231            <intent-filter>
231-->[androidx.profileinstaller:profileinstaller:1.4.0] AndroidManifest.xml:49:13-51:29
232                <action android:name="androidx.profileinstaller.action.BENCHMARK_OPERATION" />
232-->[androidx.profileinstaller:profileinstaller:1.4.0] AndroidManifest.xml:50:17-95
232-->[androidx.profileinstaller:profileinstaller:1.4.0] AndroidManifest.xml:50:25-92
233            </intent-filter>
234        </receiver> <!-- The activities will be merged into the manifest of the hosting app. -->
235        <activity
235-->[com.google.android.play:core-common:2.0.3] AndroidManifest.xml:14:9-18:65
236            android:name="com.google.android.play.core.common.PlayCoreDialogWrapperActivity"
236-->[com.google.android.play:core-common:2.0.3] AndroidManifest.xml:15:13-93
237            android:exported="false"
237-->[com.google.android.play:core-common:2.0.3] AndroidManifest.xml:16:13-37
238            android:stateNotNeeded="true"
238-->[com.google.android.play:core-common:2.0.3] AndroidManifest.xml:17:13-42
239            android:theme="@style/Theme.PlayCore.Transparent" />
239-->[com.google.android.play:core-common:2.0.3] AndroidManifest.xml:18:13-62
240    </application>
241
242</manifest>